Exception at PC 0x00007FFB3E99BB93
Printing stacktrace...

[0]  [0x00007FFB3E99BB93]
[1]  [0x00007FFB3E99BB93]
[2]  [0x00007FFB3E99B4A1]
[3]  [0x00007FFB3E99B3EF]
[4]  [0x00007FFB3E9819FE]
[5]  [0x00007FFB3E980ED1]
[6]  [0x00007FFB3E980D76]
[7]  [0x00007FFB3E9279F6]
[8]  [0x00007FFB3E917AFB]
[9]  [0x00007FFB3EA3E90A]
[10]  [0x00007FFB3EA59F87]
[11]  [0x00007FFB3EA5A05F]
[12] (BaseThreadInitThunk+0x14) [0x00007FFBB4E43034]
[13] (RtlUserThreadStart+0x21) [0x00007FFBB71A1431]
Done
Exception at PC 0x00007FFB3E6A1A52
Attemped to write at address 0x00007FFB877EABA4
Printing stacktrace...

[0]  [0x00007FFB3E6A1A52]
[1]  [0x00007FFB3E6A1A52]
[2]  [0x00007FFB3E6A1AD4]
[3]  [0x00007FFB3E7E3FF7]
[4]  [0x00007FFB3E6C9128]
[5]  [0x00007FFB3E97DFB9]
[6]  [0x00007FFB3EB4EF23]
[7]  [0x00007FFB3EA5B06B]
[8]  [0x00007FFB3EA508AF]
[9]  [0x00007FFB3EA50A32]
[10] (RtlActivateActivationContextUnsafeFast+0x123) [0x00007FFBB7164023]
[11] (LdrShutdownProcess+0x125) [0x00007FFBB71709D5]
[12] (RtlExitUserProcess+0xd8) [0x00007FFBB7170898]
[13] (FatalExit+0xa) [0x00007FFBB4E4B19A]
[14] (exit+0x75) [0x00007FFBB5499CE5]
[15] (initterm_e+0x235) [0x00007FFBB549A345]
[16]  [0x00000000004014CD]
[17]  [0x000000000040151B]
[18] (BaseThreadInitThunk+0x14) [0x00007FFBB4E43034]
[19] (RtlUserThreadStart+0x21) [0x00007FFBB71A1431]
Done
