Vivado Simulator 2017.2
Copyright 1986-1999, 2001-2016 Xilinx, Inc. All Rights Reserved.
Running: C:/Xilinx/Vivado/2017.2/bin/unwrapped/win64.o/xelab.exe -wto 2fad47b9a1aa4a30b03eaf5a15dbbf88 --debug typical --relax --mt 2 -L xil_defaultlib -L secureip --snapshot MIPS_Top_tb_behav xil_defaultlib.MIPS_Top_tb -log elaborate.log 
Using 2 slave threads.
Starting static elaboration
Completed static elaboration
Starting simulation data flow analysis
Completed simulation data flow analysis
Time Resolution for simulation is 1ps
Compiling package std.standard
Compiling package std.textio
Compiling package ieee.std_logic_1164
Compiling package ieee.numeric_std
Compiling package ieee.std_logic_arith
Compiling package ieee.std_logic_unsigned
Compiling architecture behavioral of entity xil_defaultlib.Control [control_default]
Compiling architecture behavioral of entity xil_defaultlib.PCounter [pcounter_default]
Compiling architecture behavioral of entity xil_defaultlib.Add [add_default]
Compiling architecture behavioral of entity xil_defaultlib.Instruction_Mem [instruction_mem_default]
Compiling architecture behavioral of entity xil_defaultlib.ShiftLeft2 [shiftleft2_default]
Compiling architecture behavioral of entity xil_defaultlib.Mux2to1_5bit [mux2to1_5bit_default]
Compiling architecture behavioral of entity xil_defaultlib.Sign_extend [sign_extend_default]
Compiling architecture behavioral of entity xil_defaultlib.Register_MEM [register_mem_default]
Compiling architecture behavioral of entity xil_defaultlib.Mux2to1_32bit [mux2to1_32bit_default]
Compiling architecture behavioral of entity xil_defaultlib.ALUControl [alucontrol_default]
Compiling architecture behavioral of entity xil_defaultlib.ALU [alu_default]
Compiling architecture behavioral of entity xil_defaultlib.Data_Memory_VHDL [data_memory_vhdl_default]
Compiling architecture behavioral of entity xil_defaultlib.SWDECODER [swdecoder_default]
Compiling architecture behavioral of entity xil_defaultlib.LWDECODER [lwdecoder_default]
Compiling architecture behavioral of entity xil_defaultlib.MIPS_Top [mips_top_default]
Compiling architecture behavioral of entity xil_defaultlib.mips_top_tb
Built simulation snapshot MIPS_Top_tb_behav
